<?xml version="1.0" encoding="UTF-8"?>
<robot generator="Robot 7.2.2 (Python 3.13.3 on win32)" generated="2025-05-13T20:05:41.302686" rpa="false" schemaversion="5">
<suite id="s1" name="Preenchimento Incorreto" source="C:\Users\Picha\Documents\Cypress_Alura\Robot-Alura\preenchimento_incorreto.robot">
<test id="s1-t1" name="Verificar se quando um campo obrigatório não for preenchindo corretamente o sistema exibe uma mensagem" line="12">
<kw name="Dado que eu acesse o Organo" owner="setup_teardown" type="SETUP">
<kw name="Open Browser" owner="SeleniumLibrary">
<msg time="2025-05-13T20:05:41.574638" level="INFO">Opening browser 'Chrome' to base url 'http://localhost:3000/'.</msg>
<arg>url=http://localhost:3000/</arg>
<arg>browser=Chrome</arg>
<doc>Opens a new browser instance to the optional ``url``.</doc>
<status status="PASS" start="2025-05-13T20:05:41.574467" elapsed="1.982746"/>
</kw>
<status status="PASS" start="2025-05-13T20:05:41.573982" elapsed="1.983394"/>
</kw>
<kw name="Dado que eu clique no botão &quot;Criar Card&quot;">
<kw name="Click Element" owner="SeleniumLibrary">
<msg time="2025-05-13T20:05:43.558245" level="INFO">Clicking element 'id:form-botao'.</msg>
<arg>${BOTAO_CARD}</arg>
<doc>Click the element identified by ``locator``.</doc>
<status status="PASS" start="2025-05-13T20:05:43.557973" elapsed="0.048450"/>
</kw>
<status status="PASS" start="2025-05-13T20:05:43.557721" elapsed="0.048824"/>
</kw>
<kw name="Então o sistema deve exibir uma mensagem de erro">
<kw name="Element Should Be Visible" owner="SeleniumLibrary">
<msg time="2025-05-13T20:05:43.642574" level="INFO">Element 'id:form-nome-erro' is displayed.</msg>
<arg>id:form-nome-erro</arg>
<doc>Verifies that the element identified by ``locator`` is visible.</doc>
<status status="PASS" start="2025-05-13T20:05:43.607002" elapsed="0.035654"/>
</kw>
<kw name="Element Should Be Visible" owner="SeleniumLibrary">
<msg time="2025-05-13T20:05:43.654851" level="INFO">Element 'id:form-cargo-erro' is displayed.</msg>
<arg>id:form-cargo-erro</arg>
<doc>Verifies that the element identified by ``locator`` is visible.</doc>
<status status="PASS" start="2025-05-13T20:05:43.642792" elapsed="0.012151"/>
</kw>
<kw name="Element Should Be Visible" owner="SeleniumLibrary">
<msg time="2025-05-13T20:05:43.664305" level="INFO">Element 'id:form-times-erro' is displayed.</msg>
<arg>id:form-times-erro</arg>
<doc>Verifies that the element identified by ``locator`` is visible.</doc>
<status status="PASS" start="2025-05-13T20:05:43.655100" elapsed="0.009313"/>
</kw>
<status status="PASS" start="2025-05-13T20:05:43.606801" elapsed="0.057716"/>
</kw>
<kw name="Fechar o navegador" owner="setup_teardown" type="TEARDOWN">
<kw name="Close Browser" owner="SeleniumLibrary">
<doc>Closes the current browser.</doc>
<status status="PASS" start="2025-05-13T20:05:43.665137" elapsed="2.083024"/>
</kw>
<status status="PASS" start="2025-05-13T20:05:43.664886" elapsed="2.083414"/>
</kw>
<status status="PASS" start="2025-05-13T20:05:41.573357" elapsed="4.175087"/>
</test>
<status status="PASS" start="2025-05-13T20:05:41.303873" elapsed="4.445099"/>
</suite>
<statistics>
<total>
<stat pass="1" fail="0" skip="0">All Tests</stat>
</total>
<tag>
</tag>
<suite>
<stat name="Preenchimento Incorreto" id="s1" pass="1" fail="0" skip="0">Preenchimento Incorreto</stat>
</suite>
</statistics>
<errors>
</errors>
</robot>
